{"C:\\Users\\Ever\\Desktop\\QA\\Problema 12\\week 12\\ejercicio1.js": {"path":"C:\\Users\\Ever\\Desktop\\QA\\Problema 12\\week 12\\ejercicio1.js","statementMap":{"0":{"start":{"line":2,"column":14},"end":{"line":4,"column":1}},"1":{"start":{"line":3,"column":2},"end":{"line":3,"column":14}},"2":{"start":{"line":5,"column":0},"end":{"line":5,"column":22}}},"fnMap":{"0":{"name":"(anonymous_0)","decl":{"start":{"line":2,"column":14},"end":{"line":2,"column":15}},"loc":{"start":{"line":2,"column":23},"end":{"line":4,"column":1}},"line":2}},"branchMap":{},"s":{"0":1,"1":5,"2":1},"f":{"0":5},"b":{},"_coverageSchema":"1a1c01bbd47fc00a2c39e90264f33305004495a9","hash":"5b172941d44944b328cda09c105b1f21f6e9d766"}
,"C:\\Users\\Ever\\Desktop\\QA\\Problema 12\\week 12\\ejercicio2.js": {"path":"C:\\Users\\Ever\\Desktop\\QA\\Problema 12\\week 12\\ejercicio2.js","statementMap":{"0":{"start":{"line":2,"column":13},"end":{"line":4,"column":1}},"1":{"start":{"line":3,"column":2},"end":{"line":3,"column":29}},"2":{"start":{"line":6,"column":0},"end":{"line":6,"column":21}}},"fnMap":{"0":{"name":"(anonymous_0)","decl":{"start":{"line":2,"column":13},"end":{"line":2,"column":14}},"loc":{"start":{"line":2,"column":37},"end":{"line":4,"column":1}},"line":2}},"branchMap":{},"s":{"0":1,"1":2,"2":1},"f":{"0":2},"b":{},"_coverageSchema":"1a1c01bbd47fc00a2c39e90264f33305004495a9","hash":"5e863d0e113f80a7c07e63e8e3f6fcc7014236b9"}
,"C:\\Users\\Ever\\Desktop\\QA\\Problema 12\\week 12\\ejercicio3.js": {"path":"C:\\Users\\Ever\\Desktop\\QA\\Problema 12\\week 12\\ejercicio3.js","statementMap":{"0":{"start":{"line":2,"column":14},"end":{"line":4,"column":1}},"1":{"start":{"line":3,"column":2},"end":{"line":3,"column":31}},"2":{"start":{"line":6,"column":0},"end":{"line":6,"column":22}}},"fnMap":{"0":{"name":"(anonymous_0)","decl":{"start":{"line":2,"column":14},"end":{"line":2,"column":15}},"loc":{"start":{"line":2,"column":40},"end":{"line":4,"column":1}},"line":2}},"branchMap":{},"s":{"0":1,"1":2,"2":1},"f":{"0":2},"b":{},"_coverageSchema":"1a1c01bbd47fc00a2c39e90264f33305004495a9","hash":"d0112114d4a0111c15783bfbc8e4f27eb62fce14"}
,"C:\\Users\\Ever\\Desktop\\QA\\Problema 12\\week 12\\ejercicio4.js": {"path":"C:\\Users\\Ever\\Desktop\\QA\\Problema 12\\week 12\\ejercicio4.js","statementMap":{"0":{"start":{"line":2,"column":23},"end":{"line":4,"column":1}},"1":{"start":{"line":3,"column":2},"end":{"line":3,"column":27}},"2":{"start":{"line":6,"column":0},"end":{"line":6,"column":31}}},"fnMap":{"0":{"name":"(anonymous_0)","decl":{"start":{"line":2,"column":23},"end":{"line":2,"column":24}},"loc":{"start":{"line":2,"column":45},"end":{"line":4,"column":1}},"line":2}},"branchMap":{},"s":{"0":1,"1":2,"2":1},"f":{"0":2},"b":{},"_coverageSchema":"1a1c01bbd47fc00a2c39e90264f33305004495a9","hash":"65d80b98e57ddc6a199fe469fdfa6138a7bf2748"}
,"C:\\Users\\Ever\\Desktop\\QA\\Problema 12\\week 12\\ejercicio5.js": {"path":"C:\\Users\\Ever\\Desktop\\QA\\Problema 12\\week 12\\ejercicio5.js","statementMap":{"0":{"start":{"line":3,"column":17},"end":{"line":9,"column":1}},"1":{"start":{"line":4,"column":2},"end":{"line":8,"column":3}},"2":{"start":{"line":5,"column":4},"end":{"line":5,"column":39}},"3":{"start":{"line":7,"column":4},"end":{"line":7,"column":31}},"4":{"start":{"line":12,"column":0},"end":{"line":12,"column":25}}},"fnMap":{"0":{"name":"(anonymous_0)","decl":{"start":{"line":3,"column":17},"end":{"line":3,"column":18}},"loc":{"start":{"line":3,"column":41},"end":{"line":9,"column":1}},"line":3}},"branchMap":{"0":{"loc":{"start":{"line":4,"column":2},"end":{"line":8,"column":3}},"type":"if","locations":[{"start":{"line":4,"column":2},"end":{"line":8,"column":3}},{"start":{"line":4,"column":2},"end":{"line":8,"column":3}}],"line":4}},"s":{"0":1,"1":2,"2":1,"3":1,"4":1},"f":{"0":2},"b":{"0":[1,1]},"_coverageSchema":"1a1c01bbd47fc00a2c39e90264f33305004495a9","hash":"cfa7f1347045da3248cf501311ff736d6611f6bd"}
,"C:\\Users\\Ever\\Desktop\\QA\\Problema 12\\week 12\\ejercicio6.js": {"path":"C:\\Users\\Ever\\Desktop\\QA\\Problema 12\\week 12\\ejercicio6.js","statementMap":{"0":{"start":{"line":2,"column":25},"end":{"line":9,"column":1}},"1":{"start":{"line":3,"column":2},"end":{"line":3,"column":54}},"2":{"start":{"line":3,"column":35},"end":{"line":3,"column":54}},"3":{"start":{"line":4,"column":14},"end":{"line":4,"column":16}},"4":{"start":{"line":5,"column":2},"end":{"line":7,"column":3}},"5":{"start":{"line":5,"column":15},"end":{"line":5,"column":16}},"6":{"start":{"line":6,"column":4},"end":{"line":6,"column":33}},"7":{"start":{"line":8,"column":0},"end":{"line":8,"column":12}},"8":{"start":{"line":11,"column":0},"end":{"line":11,"column":33}}},"fnMap":{"0":{"name":"(anonymous_0)","decl":{"start":{"line":2,"column":25},"end":{"line":2,"column":26}},"loc":{"start":{"line":2,"column":59},"end":{"line":9,"column":1}},"line":2}},"branchMap":{"0":{"loc":{"start":{"line":3,"column":2},"end":{"line":3,"column":54}},"type":"if","locations":[{"start":{"line":3,"column":2},"end":{"line":3,"column":54}},{"start":{"line":3,"column":2},"end":{"line":3,"column":54}}],"line":3}},"s":{"0":1,"1":4,"2":1,"3":4,"4":4,"5":4,"6":15,"7":4,"8":1},"f":{"0":4},"b":{"0":[1,3]},"_coverageSchema":"1a1c01bbd47fc00a2c39e90264f33305004495a9","hash":"71ba35114690587cb9eda8e90744dd5edc08610e"}
,"C:\\Users\\Ever\\Desktop\\QA\\Problema 12\\week 12\\ejercicio7.js": {"path":"C:\\Users\\Ever\\Desktop\\QA\\Problema 12\\week 12\\ejercicio7.js","statementMap":{"0":{"start":{"line":2,"column":17},"end":{"line":4,"column":1}},"1":{"start":{"line":3,"column":2},"end":{"line":3,"column":34}},"2":{"start":{"line":6,"column":0},"end":{"line":6,"column":25}}},"fnMap":{"0":{"name":"(anonymous_0)","decl":{"start":{"line":2,"column":17},"end":{"line":2,"column":18}},"loc":{"start":{"line":2,"column":38},"end":{"line":4,"column":1}},"line":2}},"branchMap":{},"s":{"0":1,"1":3,"2":1},"f":{"0":3},"b":{},"_coverageSchema":"1a1c01bbd47fc00a2c39e90264f33305004495a9","hash":"3afd31024ac3c11aa130bf7c41d9c3c4b84aeb56"}
,"C:\\Users\\Ever\\Desktop\\QA\\Problema 12\\week 12\\ejercicio8.js": {"path":"C:\\Users\\Ever\\Desktop\\QA\\Problema 12\\week 12\\ejercicio8.js","statementMap":{"0":{"start":{"line":2,"column":16},"end":{"line":7,"column":1}},"1":{"start":{"line":4,"column":4},"end":{"line":4,"column":17}},"2":{"start":{"line":6,"column":2},"end":{"line":6,"column":35}},"3":{"start":{"line":9,"column":0},"end":{"line":9,"column":24}}},"fnMap":{"0":{"name":"(anonymous_0)","decl":{"start":{"line":2,"column":16},"end":{"line":2,"column":17}},"loc":{"start":{"line":2,"column":25},"end":{"line":7,"column":1}},"line":2},"1":{"name":"cuadrado","decl":{"start":{"line":3,"column":11},"end":{"line":3,"column":19}},"loc":{"start":{"line":3,"column":23},"end":{"line":5,"column":3}},"line":3}},"branchMap":{},"s":{"0":1,"1":4,"2":2,"3":1},"f":{"0":2,"1":4},"b":{},"_coverageSchema":"1a1c01bbd47fc00a2c39e90264f33305004495a9","hash":"81670979cd005cd75fc9491eed7ac0c2b2baf24a"}
,"C:\\Users\\Ever\\Desktop\\QA\\Problema 12\\week 12\\ejercicio9.js": {"path":"C:\\Users\\Ever\\Desktop\\QA\\Problema 12\\week 12\\ejercicio9.js","statementMap":{"0":{"start":{"line":2,"column":17},"end":{"line":9,"column":1}},"1":{"start":{"line":3,"column":15},"end":{"line":3,"column":29}},"2":{"start":{"line":4,"column":17},"end":{"line":4,"column":44}},"3":{"start":{"line":5,"column":2},"end":{"line":7,"column":3}},"4":{"start":{"line":5,"column":15},"end":{"line":5,"column":16}},"5":{"start":{"line":6,"column":4},"end":{"line":6,"column":26}},"6":{"start":{"line":8,"column":2},"end":{"line":8,"column":16}},"7":{"start":{"line":11,"column":0},"end":{"line":11,"column":25}}},"fnMap":{"0":{"name":"(anonymous_0)","decl":{"start":{"line":2,"column":17},"end":{"line":2,"column":18}},"loc":{"start":{"line":2,"column":39},"end":{"line":9,"column":1}},"line":2}},"branchMap":{},"s":{"0":1,"1":3,"2":3,"3":3,"4":3,"5":8,"6":3,"7":1},"f":{"0":3},"b":{},"_coverageSchema":"1a1c01bbd47fc00a2c39e90264f33305004495a9","hash":"f140779ba4a8a815b87d285b908be8be65b2686c"}
}
